<?xml version="1.0" encoding="UTF-8"?>
<!-- Generated by org.testng.reporters.JUnitReportReporter -->
<testsuite hostname="ansari" failures="0" tests="1" name="restAssuredTests.Demo_Get_Request" time="3.143" errors="0" timestamp="2020-01-30T15:59:18 IST" skipped="0">
  <testcase classname="restAssuredTests.Demo_Get_Request" name="getWeatherDetails" time="3.143"/>
  <system-out/>
</testsuite> <!-- restAssuredTests.Demo_Get_Request -->
