<?xml version="1.0" encoding="UTF-8"?>
<!-- Generated by org.testng.reporters.JUnitReportReporter -->
<testsuite hostname="ansari" failures="0" tests="1" name="restAssuredTests.Demo_Post_Request" time="3.685" errors="0" timestamp="2020-01-30T16:47:25 IST" skipped="0">
  <testcase classname="restAssuredTests.Demo_Post_Request" name="testPost" time="3.685"/>
  <system-out/>
</testsuite> <!-- restAssuredTests.Demo_Post_Request -->
