<?xml version="1.0" encoding="UTF-8"?>
<!-- Generated by org.testng.reporters.JUnitReportReporter -->
<testsuite hostname="ansari" failures="0" tests="1" name="restAssuredTests.JsonArray_Demo" time="0.015" errors="0" timestamp="2020-01-31T15:26:08 IST" skipped="0">
  <testcase classname="restAssuredTests.JsonArray_Demo" name="jsonArray" time="0.015"/>
  <system-out/>
</testsuite> <!-- restAssuredTests.JsonArray_Demo -->
