<?xml version="1.0" encoding="UTF-8"?>
<!-- Generated by org.testng.reporters.JUnitReportReporter -->
<testsuite hostname="ansari" failures="0" tests="2" name="restAssuredTests.Demo_BasicValidation_JsonResponce" time="3.339" errors="0" timestamp="2020-01-31T17:54:44 IST" skipped="1">
  <testcase classname="restAssuredTests.Demo_BasicValidation_JsonResponce" name="testSingleContent" time="3.339"/>
  <system-out/>
  <testcase classname="restAssuredTests.Demo_BasicValidation_JsonResponce" name="testStatus">
    <skipped/>
  </testcase> <!-- testStatus -->
  <system-out/>
</testsuite> <!-- restAssuredTests.Demo_BasicValidation_JsonResponce -->
