<?xml version="1.0" encoding="UTF-8"?>
<!-- Generated by org.testng.reporters.JUnitReportReporter -->
<testsuite hostname="ansari" failures="0" tests="2" name="restAssuredTests.Demo_Get_Swapi_People" time="4.201" errors="0" timestamp="2020-01-31T11:55:11 IST" skipped="1">
  <testcase classname="restAssuredTests.Demo_Get_Swapi_People" name="testSingleContent" time="4.201"/>
  <system-out/>
  <testcase classname="restAssuredTests.Demo_Get_Swapi_People" name="getPeople">
    <skipped/>
  </testcase> <!-- getPeople -->
  <system-out/>
</testsuite> <!-- restAssuredTests.Demo_Get_Swapi_People -->
