<?xml version="1.0" encoding="UTF-8"?>
<!-- Generated by org.testng.reporters.JUnitReportReporter -->
<testsuite hostname="ansari" failures="0" tests="1" name="restAssuredTests.Demo2_ArrayObject" time="0.041" errors="0" timestamp="2020-01-31T16:01:49 IST" skipped="0">
  <testcase classname="restAssuredTests.Demo2_ArrayObject" name="test" time="0.041"/>
  <system-out/>
</testsuite> <!-- restAssuredTests.Demo2_ArrayObject -->
